<?xml version="1.0" encoding="UTF-8"?>
<!-- Generated by org.testng.reporters.JUnitReportReporter -->
<testsuite hostname="Vipin99Lappi" failures="0" tests="1" name="Test.testLoginPage" time="23.945" errors="0" timestamp="2024-01-24T09:19:49 IST" skipped="0">
  <testcase classname="Test.testLoginPage" name="launchChrome" time="23.945"/>
</testsuite> <!-- Test.testLoginPage -->
