<?xml version="1.0" encoding="UTF-8"?>
<!-- Generated by org.testng.reporters.JUnitReportReporter -->
<testsuite hostname="Vipin99Lappi" failures="0" tests="1" name="runTestsPage.RunClass" time="5.247" errors="0" timestamp="2023-12-08T17:28:43 IST" skipped="0">
  <testcase classname="runTestsPage.RunClass" name="launchsite" time="5.247"/>
</testsuite> <!-- runTestsPage.RunClass -->
