<?xml version="1.0" encoding="UTF-8"?>
<!-- Generated by org.testng.reporters.JUnitReportReporter -->
<testsuite hostname="Vipin99Lappi" failures="0" tests="3" name="Test.mainPageHeaderTest" time="12.068" errors="0" timestamp="2024-02-10T12:00:50 IST" skipped="0">
  <testcase classname="Test.mainPageHeaderTest" name="verify_Login" time="0.351"/>
  <testcase classname="Test.mainPageHeaderTest" name="testHeaders" time="6.522"/>
  <testcase classname="Test.mainPageHeaderTest" name="testrightHeader" time="5.195"/>
</testsuite> <!-- Test.mainPageHeaderTest -->
