<?xml version="1.0" encoding="UTF-8"?>
<!-- Generated by org.testng.reporters.JUnitReportReporter -->
<testsuite hostname="Vipin99Lappi" failures="0" tests="1" name="LogToSite.Logtosite" time="4.005" errors="0" timestamp="2023-12-08T18:58:43 IST" skipped="0">
  <testcase classname="LogToSite.Logtosite" name="logToFlipkart" time="4.005"/>
</testsuite> <!-- LogToSite.Logtosite -->
