<?xml version="1.0" encoding="UTF-8"?>
<!-- Generated by org.testng.reporters.JUnitReportReporter -->
<testsuite hostname="Vipin99Lappi" failures="0" tests="3" name="Test.verifyAddMainPage" time="17.335" errors="0" timestamp="2024-02-10T11:55:22 IST" skipped="0">
  <testcase classname="Test.verifyAddMainPage" name="verify_Login" time="1.576"/>
  <testcase classname="Test.verifyAddMainPage" name="testHeaders" time="8.141"/>
  <testcase classname="Test.verifyAddMainPage" name="testrightHeader" time="7.618"/>
</testsuite> <!-- Test.verifyAddMainPage -->
