<?xml version="1.0" encoding="UTF-8"?>
<!-- Generated by org.testng.reporters.JUnitReportReporter -->
<testsuite hostname="Vipin99Lappi" failures="0" tests="4" name="Test.verifyAddMainPage" time="20.373" errors="0" timestamp="2024-01-25T18:29:18 IST" skipped="0">
  <testcase classname="Test.verifyAddMainPage" name="verify_Login" time="2.778"/>
  <testcase classname="Test.verifyAddMainPage" name="click_to_test_jeep_Add" time="4.038"/>
  <testcase classname="Test.verifyAddMainPage" name="testHeaders" time="7.616"/>
  <testcase classname="Test.verifyAddMainPage" name="testrightHeader" time="5.941"/>
</testsuite> <!-- Test.verifyAddMainPage -->
