<?xml version="1.0" encoding="UTF-8"?>
<!-- Generated by org.testng.reporters.JUnitReportReporter -->
<testsuite hostname="Vipin99Lappi" failures="0" tests="1" name="BrowserRunner.LoginPageVerification" time="2.252" errors="0" timestamp="2024-01-24T16:05:03 IST" skipped="0">
  <testcase classname="BrowserRunner.LoginPageVerification" name="verification_of_launch_page_and_title" time="2.252"/>
</testsuite> <!-- BrowserRunner.LoginPageVerification -->
