<?xml version="1.0" encoding="UTF-8"?>
<!-- Generated by org.testng.reporters.JUnitReportReporter -->
<testsuite hostname="Vipin99Lappi" failures="0" tests="4" name="Test.verifyAddMainPage" time="20.378" errors="0" timestamp="2024-01-25T18:40:04 IST" skipped="0">
  <testcase classname="Test.verifyAddMainPage" name="click_to_test_jeep_Add" time="4.263"/>
  <testcase classname="Test.verifyAddMainPage" name="verify_Login" time="1.158"/>
  <testcase classname="Test.verifyAddMainPage" name="testHeaders" time="9.041"/>
  <testcase classname="Test.verifyAddMainPage" name="testrightHeader" time="5.916"/>
</testsuite> <!-- Test.verifyAddMainPage -->
