<?xml version="1.0" encoding="UTF-8"?>
<!-- Generated by org.testng.reporters.JUnitReportReporter -->
<testsuite hostname="Vipin99Lappi" failures="0" tests="1" name="BasePackage.BaseClass" time="2.682" errors="0" timestamp="2023-12-08T16:49:24 IST" skipped="0">
  <testcase classname="BasePackage.BaseClass" name="LogToPage" time="2.682"/>
</testsuite> <!-- BasePackage.BaseClass -->
