<?xml version="1.0" encoding="UTF-8"?>
<!-- Generated by org.testng.reporters.JUnitReportReporter -->
<testsuite hostname="Vipin99Lappi" failures="0" tests="3" name="Test.mainPageTest" time="15.458" errors="0" timestamp="2024-01-25T16:22:16 IST" skipped="0">
  <testcase classname="Test.mainPageTest" name="verify_Login" time="0.817"/>
  <testcase classname="Test.mainPageTest" name="testHeaders" time="7.308"/>
  <testcase classname="Test.mainPageTest" name="testrightHeader" time="7.333"/>
</testsuite> <!-- Test.mainPageTest -->
