<?xml version="1.0" encoding="UTF-8"?>
<!-- Generated by org.testng.reporters.JUnitReportReporter -->
<testsuite hostname="Vipin99Lappi" failures="0" tests="3" name="Test.mainPageHeaderTest" time="16.247" errors="0" timestamp="2024-01-25T17:35:50 IST" skipped="0">
  <testcase classname="Test.mainPageHeaderTest" name="verify_Login" time="1.075"/>
  <testcase classname="Test.mainPageHeaderTest" name="testHeaders" time="9.487"/>
  <testcase classname="Test.mainPageHeaderTest" name="testrightHeader" time="5.685"/>
</testsuite> <!-- Test.mainPageHeaderTest -->
